Internet Address:  (null) 
LineDescription :  lo 
Broadcast Addr  :  (null) 

Internet Address:  (null) 
LineDescription :  eth0 
Broadcast Addr  :  (null) 

Internet Address:  (null) 
LineDescription :  eth1 
Broadcast Addr  :  (null) 

Internet Address:  (null) 
LineDescription :  xeth0 
Broadcast Addr  :  (null) 

Internet Address:  (null) 
LineDescription :  ib0 
Broadcast Addr  :  (null) 

Internet Address:  (null) 
LineDescription :  ib1 
Broadcast Addr  :  (null) 

Internet Address:  (null) 
LineDescription :  xeth0.2200 
Broadcast Addr  :  (null) 

Internet Address:  (null) 
LineDescription :  xeth0.2330 
Broadcast Addr  :  (null) 

Internet Address:  127.0.0.1 
LineDescription :  lo 
Netmask         :  255.0.0.0 
Broadcast Addr  :  127.0.0.1 

Internet Address:  10.230.100.121 
LineDescription :  eth0 
Netmask         :  255.255.0.0 
Broadcast Addr  :  10.230.255.255 

Internet Address:  172.23.100.121 
LineDescription :  ib0 
Netmask         :  255.255.0.0 
Broadcast Addr  :  172.23.255.255 

Internet Address:  140.221.68.133 
LineDescription :  xeth0.2200 
Netmask         :  255.255.255.0 
Broadcast Addr  :  140.221.68.255 

Internet Address:  10.233.100.121 
LineDescription :  xeth0.2330 
Netmask         :  255.255.0.0 
Broadcast Addr  :  10.233.255.255 

Fri Oct  9 22:03:34 2015
0:0: 18.04
0:1: 37.77
0:2: 57.51
0:3: 77.28
0:4: 77.48
0:5: 77.74
0:6: 78.01
0:7: 78.27
0:8: 78.54
0:9: 78.79
0:10: 79.06
0:11: 79.34
0:12: 79.61
0:13: 79.88
0:14: 80.16
0:15: 80.43
0:16: 80.70
0:17: 80.99
0:18: 81.26
0:19: 81.62
0:20: 82.04
0:21: 82.32
0:22: 82.76
0:23: 83.04
0:24: 83.46
0:25: 83.75
0:26: 84.09
0:27: 84.38
0:28: 84.79
0:29: 85.09
Connection closed

